2022-08-14 15:08:230 INFO  ManageDriver :29 - Launching Chrome Browser
2022-08-14 15:08:719 INFO  HomePage :59 - Clicking on CourseSearch <br>
2022-08-14 15:08:484 INFO  ManageDriver :29 - Launching Chrome Browser
2022-08-14 15:08:321 INFO  HomePage :59 - Clicking on CourseSearch <br>
2022-08-14 15:08:285 INFO  HomePage :27 - Clicking on search <br>
2022-08-14 15:08:433 INFO  ManageDriver :29 - Launching Chrome Browser
2022-08-14 15:08:299 INFO  HomePage :59 - Clicking on CourseSearch <br>
2022-08-14 15:08:307 INFO  ManageDriver :29 - Launching Chrome Browser
2022-08-14 15:08:510 INFO  HomePage :59 - Clicking on CourseSearch <br>
2022-08-14 15:08:480 INFO  HomePage :27 - Clicking on search <br>
2022-08-14 16:08:901 INFO  ManageDriver :29 - Launching Chrome Browser
2022-08-14 16:08:513 INFO  HomePage :59 - Clicking on CourseSearch <br>
2022-08-14 16:08:557 INFO  ManageDriver :29 - Launching Chrome Browser
2022-08-14 16:08:335 INFO  HomePage :59 - Clicking on CourseSearch <br>
2022-08-14 16:08:465 INFO  HomePage :45 - Clicking on search <br>
2022-08-14 16:08:671 INFO  ManageDriver :29 - Launching Chrome Browser
2022-08-14 16:08:897 INFO  HomePage :59 - Clicking on CourseSearch <br>
2022-08-14 16:08:111 INFO  HomePage :45 - Clicking on search <br>
2022-08-14 16:08:545 INFO  HomePage :50 - Clicking on selectImuunology <br>
2022-08-14 16:08:856 INFO  HomePage :54 - Clicking on applyNow <br>
2022-08-14 16:08:27 INFO  HomePage :58 - Clicking on register <br>
2022-08-14 16:08:934 INFO  ManageDriver :29 - Launching Chrome Browser
2022-08-14 16:08:875 INFO  HomePage :59 - Clicking on CourseSearch <br>
2022-08-14 16:08:13 INFO  ManageDriver :29 - Launching Chrome Browser
2022-08-14 16:08:297 INFO  HomePage :59 - Clicking on CourseSearch <br>
2022-08-14 16:08:294 INFO  HomePage :39 - Clicking on search <br>
2022-08-14 16:08:949 INFO  ManageDriver :29 - Launching Chrome Browser
2022-08-14 16:08:221 INFO  HomePage :59 - Clicking on CourseSearch <br>
2022-08-14 16:08:167 INFO  HomePage :39 - Clicking on search <br>
2022-08-14 16:08:159 INFO  HomePage :44 - Clicking on selectImuunology <br>
2022-08-14 16:08:196 INFO  HomePage :48 - Clicking on applyNow <br>
2022-08-14 16:08:141 INFO  HomePage :52 - Clicking on register <br>
2022-08-14 16:08:546 INFO  ManageDriver :29 - Launching Chrome Browser
2022-08-14 16:08:907 INFO  HomePage :59 - Clicking on CourseSearch <br>
2022-08-14 16:08:18 INFO  ManageDriver :29 - Launching Chrome Browser
2022-08-14 16:08:334 INFO  HomePage :59 - Clicking on CourseSearch <br>
2022-08-14 16:08:329 INFO  HomePage :39 - Clicking on search <br>
2022-08-14 16:08:889 INFO  ManageDriver :29 - Launching Chrome Browser
2022-08-14 16:08:01 INFO  HomePage :59 - Clicking on CourseSearch <br>
2022-08-14 16:08:969 INFO  HomePage :39 - Clicking on search <br>
2022-08-14 16:08:366 INFO  HomePage :44 - Clicking on selectImuunology <br>
2022-08-14 16:08:755 INFO  HomePage :48 - Clicking on applyNow <br>
2022-08-14 16:08:209 INFO  HomePage :52 - Clicking on register <br>
2022-08-14 16:08:435 INFO  ManageDriver :29 - Launching Chrome Browser
2022-08-14 16:08:438 INFO  HomePage :59 - Clicking on CourseSearch <br>
2022-08-14 16:08:354 INFO  ManageDriver :29 - Launching Chrome Browser
2022-08-14 16:08:724 INFO  HomePage :59 - Clicking on CourseSearch <br>
2022-08-14 16:08:648 INFO  HomePage :39 - Clicking on search <br>
2022-08-14 16:08:02 INFO  ManageDriver :29 - Launching Chrome Browser
2022-08-14 16:08:583 INFO  HomePage :59 - Clicking on CourseSearch <br>
2022-08-14 16:08:708 INFO  ManageDriver :29 - Launching Chrome Browser
2022-08-14 16:08:599 INFO  HomePage :59 - Clicking on CourseSearch <br>
2022-08-14 16:08:778 INFO  HomePage :39 - Clicking on search <br>
2022-08-14 16:08:513 INFO  HomePage :44 - Clicking on selectImuunology <br>
2022-08-14 16:08:978 INFO  HomePage :48 - Clicking on applyNow <br>
2022-08-14 16:08:128 INFO  HomePage :52 - Clicking on register <br>
2022-08-14 16:08:338 INFO  ManageDriver :29 - Launching Chrome Browser
2022-08-14 16:08:321 INFO  HomePage :59 - Clicking on CourseSearch <br>
2022-08-14 16:08:548 INFO  ManageDriver :29 - Launching Chrome Browser
2022-08-14 16:08:963 INFO  HomePage :59 - Clicking on CourseSearch <br>
2022-08-14 16:08:60 INFO  HomePage :39 - Clicking on search <br>
2022-08-14 16:08:460 INFO  HomePage :44 - Clicking on selectImuunology <br>
2022-08-14 16:08:937 INFO  HomePage :48 - Clicking on applyNow <br>
2022-08-14 16:08:699 INFO  HomePage :52 - Clicking on register <br>
2022-08-14 17:08:149 INFO  ManageDriver :29 - Launching Chrome Browser
2022-08-14 17:08:973 INFO  HomePage :59 - Clicking on CourseSearch <br>
2022-08-14 17:08:339 INFO  ManageDriver :29 - Launching Chrome Browser
2022-08-14 17:08:780 INFO  HomePage :59 - Clicking on CourseSearch <br>
2022-08-14 17:08:983 INFO  HomePage :39 - Clicking on search <br>
2022-08-14 17:08:474 INFO  HomePage :44 - Clicking on selectImuunology <br>
2022-08-14 17:08:923 INFO  HomePage :48 - Clicking on applyNow <br>
2022-08-14 17:08:290 INFO  HomePage :52 - Clicking on register <br>
2022-08-14 17:08:771 INFO  ManageDriver :29 - Launching Chrome Browser
2022-08-14 17:08:432 INFO  HomePage :59 - Clicking on CourseSearch <br>
2022-08-14 17:08:537 INFO  ManageDriver :29 - Launching Chrome Browser
2022-08-14 17:08:746 INFO  HomePage :59 - Clicking on CourseSearch <br>
2022-08-14 17:08:362 INFO  HomePage :39 - Clicking on search <br>
2022-08-14 17:08:966 INFO  HomePage :44 - Clicking on selectImuunology <br>
2022-08-14 17:08:479 INFO  HomePage :48 - Clicking on applyNow <br>
2022-08-14 17:08:664 INFO  HomePage :52 - Clicking on register <br>
2022-08-14 17:08:393 INFO  ManageDriver :29 - Launching Chrome Browser
2022-08-14 17:08:319 INFO  HomePage :59 - Clicking on CourseSearch <br>
2022-08-14 17:08:251 INFO  ManageDriver :29 - Launching Chrome Browser
2022-08-14 17:08:326 INFO  HomePage :59 - Clicking on CourseSearch <br>
2022-08-14 17:08:434 INFO  HomePage :39 - Clicking on search <br>
2022-08-14 17:08:874 INFO  HomePage :44 - Clicking on selectImuunology <br>
2022-08-14 17:08:243 INFO  HomePage :48 - Clicking on applyNow <br>
2022-08-14 17:08:634 INFO  HomePage :31 - Entering Email <br>
2022-08-14 17:08:722 INFO  HomePage :35 - Entering Password <br>
2022-08-14 17:08:775 INFO  HomePage :39 - Clicking on Login <br>
2022-08-15 20:08:334 INFO  ManageDriver :29 - Launching Chrome Browser
2022-08-15 20:08:779 INFO  HomePage :34 - Clicking on CourseSearch <br>
2022-08-15 20:08:995 INFO  ManageDriver :29 - Launching Chrome Browser
2022-08-15 20:08:86 INFO  HomePage :34 - Clicking on CourseSearch <br>
2022-08-15 20:08:308 INFO  HomePage :39 - Clicking on search <br>
2022-08-15 20:08:465 INFO  HomePage :44 - Clicking on selectImuunology <br>
2022-08-15 20:08:992 INFO  HomePage :48 - Clicking on applyNow <br>
2022-08-15 20:08:470 INFO  HomePage :31 - Entering Email <br>
2022-08-15 20:08:549 INFO  HomePage :35 - Entering Password <br>
2022-08-15 20:08:623 INFO  HomePage :39 - Clicking on Login <br>
2022-08-15 21:08:591 INFO  ManageDriver :29 - Launching Chrome Browser
2022-08-15 21:08:590 INFO  HomePage :34 - Clicking on CourseSearch <br>
2022-08-15 21:08:210 INFO  HomePage :60 - Getting verifytext : Course search<br>
2022-08-15 21:08:973 INFO  ManageDriver :29 - Launching Chrome Browser
2022-08-15 21:08:470 INFO  HomePage :34 - Clicking on CourseSearch <br>
2022-08-15 21:08:141 INFO  HomePage :43 - Clicking on search <br>
2022-08-15 21:08:319 INFO  HomePage :48 - Clicking on selectImuunology <br>
2022-08-15 21:08:365 INFO  HomePage :52 - Clicking on applyNow <br>
2022-08-15 21:08:821 INFO  HomePage :31 - Entering Email <br>
2022-08-15 21:08:933 INFO  HomePage :35 - Entering Password <br>
2022-08-15 21:08:01 INFO  HomePage :39 - Clicking on Login <br>
2022-08-15 21:08:431 INFO  ManageDriver :29 - Launching Chrome Browser
2022-08-15 21:08:728 INFO  HomePage :34 - Clicking on CourseSearch <br>
2022-08-15 21:08:97 INFO  HomePage :60 - Getting verifytext : Course search<br>
2022-08-15 21:08:421 INFO  ManageDriver :29 - Launching Chrome Browser
2022-08-15 21:08:330 INFO  HomePage :34 - Clicking on CourseSearch <br>
2022-08-15 21:08:945 INFO  HomePage :43 - Clicking on search <br>
2022-08-15 21:08:136 INFO  HomePage :48 - Clicking on selectImuunology <br>
2022-08-15 21:08:121 INFO  HomePage :52 - Clicking on applyNow <br>
2022-08-15 21:08:232 INFO  HomePage :31 - Entering Email <br>
2022-08-15 21:08:346 INFO  HomePage :35 - Entering Password <br>
2022-08-15 21:08:443 INFO  HomePage :39 - Clicking on Login <br>
2022-08-15 21:08:482 INFO  ManageDriver :29 - Launching Chrome Browser
2022-08-15 21:08:179 INFO  HomePage :34 - Clicking on CourseSearch <br>
2022-08-15 21:08:431 INFO  ManageDriver :29 - Launching Chrome Browser
2022-08-15 21:08:654 INFO  HomePage :34 - Clicking on CourseSearch <br>
2022-08-15 21:08:616 INFO  HomePage :39 - Clicking on search <br>
2022-08-15 21:08:786 INFO  HomePage :44 - Clicking on selectImuunology <br>
2022-08-15 21:08:702 INFO  HomePage :48 - Clicking on applyNow <br>
2022-08-15 21:08:164 INFO  HomePage :31 - Entering Email <br>
2022-08-15 21:08:249 INFO  HomePage :35 - Entering Password <br>
2022-08-15 21:08:335 INFO  HomePage :39 - Clicking on Login <br>
